# JRE version: 7.0_09-b05
# Java VM: Java HotSpot(TM) 64-Bit Server VM (23.5-b02 mixed mode windows-amd64 compressed oops)
Heap
 PSYoungGen      total 134912K, used 109075K [0x00000000f5560000, 0x00000000fde60000, 0x0000000100000000)
  eden space 129536K, 80% used [0x00000000f5560000,0x00000000fbaace38,0x00000000fd3e0000)
  from space 5376K, 99% used [0x00000000fd920000,0x00000000fde58030,0x00000000fde60000)
  to   space 5376K, 0% used [0x00000000fd3e0000,0x00000000fd3e0000,0x00000000fd920000)
 ParOldGen       total 86336K, used 52427K [0x00000000e0000000, 0x00000000e5450000, 0x00000000f5560000)
  object space 86336K, 60% used [0x00000000e0000000,0x00000000e3332e38,0x00000000e5450000)
 PSPermGen       total 21632K, used 21515K [0x00000000dae00000, 0x00000000dc320000, 0x00000000e0000000)
  object space 21632K, 99% used [0x00000000dae00000,0x00000000dc302de8,0x00000000dc320000)
GC Heap History (8 events):
Event: 0.610 GC heap before
{Heap before GC invocations=1 (full 0):
 PSYoungGen      total 37760K, used 32384K [0x00000000f5560000, 0x00000000f7f80000, 0x0000000100000000)
  eden space 32384K, 100% used [0x00000000f5560000,0x00000000f7500000,0x00000000f7500000)
  from space 5376K, 0% used [0x00000000f7a40000,0x00000000f7a40000,0x00000000f7f80000)
  to   space 5376K, 0% used [0x00000000f7500000,0x00000000f7500000,0x00000000f7a40000)
 ParOldGen       total 86336K, used 0K [0x00000000e0000000, 0x00000000e5450000, 0x00000000f5560000)
  object space 86336K, 0% used [0x00000000e0000000,0x00000000e0000000,0x00000000e5450000)
 PSPermGen       total 21248K, used 9505K [0x00000000dae00000, 0x00000000dc2c0000, 0x00000000e0000000)
  object space 21248K, 44% used [0x00000000dae00000,0x00000000db7485b8,0x00000000dc2c0000)
Event: 0.632 GC heap after
Heap after GC invocations=1 (full 0):
 PSYoungGen      total 37760K, used 5361K [0x00000000f5560000, 0x00000000f9f20000, 0x0000000100000000)
  eden space 32384K, 0% used [0x00000000f5560000,0x00000000f5560000,0x00000000f7500000)
  from space 5376K, 99% used [0x00000000f7500000,0x00000000f7a3c5d8,0x00000000f7a40000)
  to   space 5376K, 0% used [0x00000000f99e0000,0x00000000f99e0000,0x00000000f9f20000)
 ParOldGen       total 86336K, used 732K [0x00000000e0000000, 0x00000000e5450000, 0x00000000f5560000)
  object space 86336K, 0% used [0x00000000e0000000,0x00000000e00b72d8,0x00000000e5450000)
 PSPermGen       total 21248K, used 9505K [0x00000000dae00000, 0x00000000dc2c0000, 0x00000000e0000000)
  object space 21248K, 44% used [0x00000000dae00000,0x00000000db7485b8,0x00000000dc2c0000)
}
Event: 0.850 GC heap before
{Heap before GC invocations=2 (full 0):
 PSYoungGen      total 37760K, used 37745K [0x00000000f5560000, 0x00000000f9f20000, 0x0000000100000000)
  eden space 32384K, 100% used [0x00000000f5560000,0x00000000f7500000,0x00000000f7500000)
  from space 5376K, 99% used [0x00000000f7500000,0x00000000f7a3c5d8,0x00000000f7a40000)
  to   space 5376K, 0% used [0x00000000f99e0000,0x00000000f99e0000,0x00000000f9f20000)
 ParOldGen       total 86336K, used 732K [0x00000000e0000000, 0x00000000e5450000, 0x00000000f5560000)
  object space 86336K, 0% used [0x00000000e0000000,0x00000000e00b72d8,0x00000000e5450000)
 PSPermGen       total 21248K, used 12511K [0x00000000dae00000, 0x00000000dc2c0000, 0x00000000e0000000)
  object space 21248K, 58% used [0x00000000dae00000,0x00000000dba37e10,0x00000000dc2c0000)
Event: 0.860 GC heap after
Heap after GC invocations=2 (full 0):
 PSYoungGen      total 70144K, used 5344K [0x00000000f5560000, 0x00000000f9f20000, 0x0000000100000000)
  eden space 64768K, 0% used [0x00000000f5560000,0x00000000f5560000,0x00000000f94a0000)
  from space 5376K, 99% used [0x00000000f99e0000,0x00000000f9f18050,0x00000000f9f20000)
  to   space 5376K, 0% used [0x00000000f94a0000,0x00000000f94a0000,0x00000000f99e0000)
 ParOldGen       total 86336K, used 7610K [0x00000000e0000000, 0x00000000e5450000, 0x00000000f5560000)
  object space 86336K, 8% used [0x00000000e0000000,0x00000000e076eb20,0x00000000e5450000)
 PSPermGen       total 21248K, used 12511K [0x00000000dae00000, 0x00000000dc2c0000, 0x00000000e0000000)
  object space 21248K, 58% used [0x00000000dae00000,0x00000000dba37e10,0x00000000dc2c0000)
}
Event: 1.311 GC heap before
{Heap before GC invocations=3 (full 0):
 PSYoungGen      total 70144K, used 69763K [0x00000000f5560000, 0x00000000f9f20000, 0x0000000100000000)
  eden space 64768K, 99% used [0x00000000f5560000,0x00000000f9448c18,0x00000000f94a0000)
  from space 5376K, 99% used [0x00000000f99e0000,0x00000000f9f18050,0x00000000f9f20000)
  to   space 5376K, 0% used [0x00000000f94a0000,0x00000000f94a0000,0x00000000f99e0000)
 ParOldGen       total 86336K, used 7610K [0x00000000e0000000, 0x00000000e5450000, 0x00000000f5560000)
  object space 86336K, 8% used [0x00000000e0000000,0x00000000e076eb20,0x00000000e5450000)
 PSPermGen       total 21248K, used 13198K [0x00000000dae00000, 0x00000000dc2c0000, 0x00000000e0000000)
  object space 21248K, 62% used [0x00000000dae00000,0x00000000dbae38b0,0x00000000dc2c0000)
Event: 1.345 GC heap after
Heap after GC invocations=3 (full 0):
 PSYoungGen      total 70144K, used 5344K [0x00000000f5560000, 0x00000000fde60000, 0x0000000100000000)
  eden space 64768K, 0% used [0x00000000f5560000,0x00000000f5560000,0x00000000f94a0000)
  from space 5376K, 99% used [0x00000000f94a0000,0x00000000f99d8030,0x00000000f99e0000)
  to   space 5376K, 0% used [0x00000000fd920000,0x00000000fd920000,0x00000000fde60000)
 ParOldGen       total 86336K, used 35172K [0x00000000e0000000, 0x00000000e5450000, 0x00000000f5560000)
  object space 86336K, 40% used [0x00000000e0000000,0x00000000e22593d8,0x00000000e5450000)
 PSPermGen       total 21248K, used 13198K [0x00000000dae00000, 0x00000000dc2c0000, 0x00000000e0000000)
  object space 21248K, 62% used [0x00000000dae00000,0x00000000dbae38b0,0x00000000dc2c0000)
}
Event: 1.965 GC heap before
{Heap before GC invocations=4 (full 0):
 PSYoungGen      total 70144K, used 70112K [0x00000000f5560000, 0x00000000fde60000, 0x0000000100000000)
  eden space 64768K, 100% used [0x00000000f5560000,0x00000000f94a0000,0x00000000f94a0000)
  from space 5376K, 99% used [0x00000000f94a0000,0x00000000f99d8030,0x00000000f99e0000)
  to   space 5376K, 0% used [0x00000000fd920000,0x00000000fd920000,0x00000000fde60000)
 ParOldGen       total 86336K, used 35172K [0x00000000e0000000, 0x00000000e5450000, 0x00000000f5560000)
  object space 86336K, 40% used [0x00000000e0000000,0x00000000e22593d8,0x00000000e5450000)
 PSPermGen       total 21248K, used 17328K [0x00000000dae00000, 0x00000000dc2c0000, 0x00000000e0000000)
  object space 21248K, 81% used [0x00000000dae00000,0x00000000dbeec298,0x00000000dc2c0000)
Event: 1.991 GC heap after
Heap after GC invocations=4 (full 0):
 PSYoungGen      total 134912K, used 5344K [0x00000000f5560000, 0x00000000fde60000, 0x0000000100000000)
  eden space 129536K, 0% used [0x00000000f5560000,0x00000000f5560000,0x00000000fd3e0000)
  from space 5376K, 99% used [0x00000000fd920000,0x00000000fde58030,0x00000000fde60000)
  to   space 5376K, 0% used [0x00000000fd3e0000,0x00000000fd3e0000,0x00000000fd920000)
 ParOldGen       total 86336K, used 52427K [0x00000000e0000000, 0x00000000e5450000, 0x00000000f5560000)
  object space 86336K, 60% used [0x00000000e0000000,0x00000000e3332e38,0x00000000e5450000)
 PSPermGen       total 21248K, used 17328K [0x00000000dae00000, 0x00000000dc2c0000, 0x00000000e0000000)
  object space 21248K, 81% used [0x00000000dae00000,0x00000000dbeec298,0x00000000dc2c0000)
}

